mode: set
github.com/unburdy/booking-module/services/booking_link_service.go:24.79,29.2 1 1
github.com/unburdy/booking-module/services/booking_link_service.go:32.139,35.108 2 0
github.com/unburdy/booking-module/services/booking_link_service.go:35.108,36.45 1 0
github.com/unburdy/booking-module/services/booking_link_service.go:36.45,38.4 1 0
github.com/unburdy/booking-module/services/booking_link_service.go:39.3,39.72 1 0
github.com/unburdy/booking-module/services/booking_link_service.go:43.2,54.49 2 0
github.com/unburdy/booking-module/services/booking_link_service.go:54.49,56.3 1 0
github.com/unburdy/booking-module/services/booking_link_service.go:59.2,60.16 2 0
github.com/unburdy/booking-module/services/booking_link_service.go:60.16,62.3 1 0
github.com/unburdy/booking-module/services/booking_link_service.go:64.2,64.19 1 0
github.com/unburdy/booking-module/services/booking_link_service.go:68.101,71.21 2 1
github.com/unburdy/booking-module/services/booking_link_service.go:71.21,73.3 1 1
github.com/unburdy/booking-module/services/booking_link_service.go:75.2,84.50 7 1
github.com/unburdy/booking-module/services/booking_link_service.go:84.50,86.3 1 1
github.com/unburdy/booking-module/services/booking_link_service.go:89.2,90.16 2 1
github.com/unburdy/booking-module/services/booking_link_service.go:90.16,92.3 1 0
github.com/unburdy/booking-module/services/booking_link_service.go:94.2,95.61 2 1
github.com/unburdy/booking-module/services/booking_link_service.go:95.61,97.3 1 0
github.com/unburdy/booking-module/services/booking_link_service.go:100.2,100.75 1 1
github.com/unburdy/booking-module/services/booking_link_service.go:100.75,101.43 1 1
github.com/unburdy/booking-module/services/booking_link_service.go:101.43,103.4 1 1
github.com/unburdy/booking-module/services/booking_link_service.go:106.2,106.21 1 1
github.com/unburdy/booking-module/services/booking_link_service.go:110.95,119.16 3 1
github.com/unburdy/booking-module/services/booking_link_service.go:119.16,121.3 1 0
github.com/unburdy/booking-module/services/booking_link_service.go:122.2,126.16 3 1
github.com/unburdy/booking-module/services/booking_link_service.go:126.16,128.3 1 0
github.com/unburdy/booking-module/services/booking_link_service.go:129.2,139.19 6 1
github.com/unburdy/booking-module/services/booking_link_service.go:143.69,147.2 3 1
github.com/unburdy/booking-module/services/booking_service.go:15.53,17.2 1 0
github.com/unburdy/booking-module/services/booking_service.go:20.139,41.50 2 0
github.com/unburdy/booking-module/services/booking_service.go:41.50,43.3 1 0
github.com/unburdy/booking-module/services/booking_service.go:45.2,45.20 1 0
github.com/unburdy/booking-module/services/booking_service.go:49.102,52.98 2 0
github.com/unburdy/booking-module/services/booking_service.go:52.98,53.45 1 0
github.com/unburdy/booking-module/services/booking_service.go:53.45,55.4 1 0
github.com/unburdy/booking-module/services/booking_service.go:56.3,56.78 1 0
github.com/unburdy/booking-module/services/booking_service.go:59.2,59.21 1 0
github.com/unburdy/booking-module/services/booking_service.go:63.122,69.50 4 0
github.com/unburdy/booking-module/services/booking_service.go:69.50,71.3 1 0
github.com/unburdy/booking-module/services/booking_service.go:73.2,74.79 2 0
github.com/unburdy/booking-module/services/booking_service.go:74.79,76.3 1 0
github.com/unburdy/booking-module/services/booking_service.go:78.2,78.28 1 0
github.com/unburdy/booking-module/services/booking_service.go:82.114,85.107 2 0
github.com/unburdy/booking-module/services/booking_service.go:85.107,87.3 1 0
github.com/unburdy/booking-module/services/booking_service.go:89.2,89.21 1 0
github.com/unburdy/booking-module/services/booking_service.go:93.122,96.115 2 0
github.com/unburdy/booking-module/services/booking_service.go:96.115,98.3 1 0
github.com/unburdy/booking-module/services/booking_service.go:100.2,100.21 1 0
github.com/unburdy/booking-module/services/booking_service.go:104.148,107.98 2 0
github.com/unburdy/booking-module/services/booking_service.go:107.98,108.45 1 0
github.com/unburdy/booking-module/services/booking_service.go:108.45,110.4 1 0
github.com/unburdy/booking-module/services/booking_service.go:111.3,111.78 1 0
github.com/unburdy/booking-module/services/booking_service.go:115.2,115.21 1 0
github.com/unburdy/booking-module/services/booking_service.go:115.21,117.3 1 0
github.com/unburdy/booking-module/services/booking_service.go:118.2,118.28 1 0
github.com/unburdy/booking-module/services/booking_service.go:118.28,120.3 1 0
github.com/unburdy/booking-module/services/booking_service.go:121.2,121.29 1 0
github.com/unburdy/booking-module/services/booking_service.go:121.29,123.3 1 0
github.com/unburdy/booking-module/services/booking_service.go:124.2,124.27 1 0
github.com/unburdy/booking-module/services/booking_service.go:124.27,126.3 1 0
github.com/unburdy/booking-module/services/booking_service.go:127.2,127.34 1 0
github.com/unburdy/booking-module/services/booking_service.go:127.34,129.3 1 0
github.com/unburdy/booking-module/services/booking_service.go:130.2,130.33 1 0
github.com/unburdy/booking-module/services/booking_service.go:130.33,132.3 1 0
github.com/unburdy/booking-module/services/booking_service.go:133.2,133.34 1 0
github.com/unburdy/booking-module/services/booking_service.go:133.34,135.3 1 0
github.com/unburdy/booking-module/services/booking_service.go:136.2,136.35 1 0
github.com/unburdy/booking-module/services/booking_service.go:136.35,138.3 1 0
github.com/unburdy/booking-module/services/booking_service.go:139.2,139.35 1 0
github.com/unburdy/booking-module/services/booking_service.go:139.35,141.3 1 0
github.com/unburdy/booking-module/services/booking_service.go:142.2,142.31 1 0
github.com/unburdy/booking-module/services/booking_service.go:142.31,144.3 1 0
github.com/unburdy/booking-module/services/booking_service.go:145.2,145.25 1 0
github.com/unburdy/booking-module/services/booking_service.go:145.25,147.3 1 0
github.com/unburdy/booking-module/services/booking_service.go:148.2,148.34 1 0
github.com/unburdy/booking-module/services/booking_service.go:148.34,150.3 1 0
github.com/unburdy/booking-module/services/booking_service.go:151.2,151.32 1 0
github.com/unburdy/booking-module/services/booking_service.go:151.32,153.3 1 0
github.com/unburdy/booking-module/services/booking_service.go:154.2,154.27 1 0
github.com/unburdy/booking-module/services/booking_service.go:154.27,156.3 1 0
github.com/unburdy/booking-module/services/booking_service.go:158.2,158.49 1 0
github.com/unburdy/booking-module/services/booking_service.go:158.49,160.3 1 0
github.com/unburdy/booking-module/services/booking_service.go:162.2,162.21 1 0
github.com/unburdy/booking-module/services/booking_service.go:166.76,169.25 2 0
github.com/unburdy/booking-module/services/booking_service.go:169.25,171.3 1 0
github.com/unburdy/booking-module/services/booking_service.go:173.2,173.30 1 0
github.com/unburdy/booking-module/services/booking_service.go:173.30,175.3 1 0
github.com/unburdy/booking-module/services/booking_service.go:177.2,177.12 1 0
github.com/unburdy/booking-module/services/free_slots_service.go:26.57,28.2 1 1
github.com/unburdy/booking-module/services/free_slots_service.go:41.142,44.16 2 1
github.com/unburdy/booking-module/services/free_slots_service.go:44.16,46.3 1 1
github.com/unburdy/booking-module/services/free_slots_service.go:49.2,55.16 3 1
github.com/unburdy/booking-module/services/free_slots_service.go:55.16,57.3 1 0
github.com/unburdy/booking-module/services/free_slots_service.go:60.2,81.8 5 1
github.com/unburdy/booking-module/services/free_slots_service.go:85.143,90.72 3 1
github.com/unburdy/booking-module/services/free_slots_service.go:90.72,95.39 2 1
github.com/unburdy/booking-module/services/free_slots_service.go:95.39,107.40 5 1
github.com/unburdy/booking-module/services/free_slots_service.go:107.40,111.37 2 1
github.com/unburdy/booking-module/services/free_slots_service.go:111.37,112.11 1 1
github.com/unburdy/booking-module/services/free_slots_service.go:116.5,116.91 1 1
github.com/unburdy/booking-module/services/free_slots_service.go:116.91,118.14 2 0
github.com/unburdy/booking-module/services/free_slots_service.go:122.5,122.56 1 1
github.com/unburdy/booking-module/services/free_slots_service.go:122.56,124.14 2 0
github.com/unburdy/booking-module/services/free_slots_service.go:127.5,142.78 3 1
github.com/unburdy/booking-module/services/free_slots_service.go:147.3,147.45 1 1
github.com/unburdy/booking-module/services/free_slots_service.go:150.2,150.14 1 1
github.com/unburdy/booking-module/services/free_slots_service.go:154.129,166.52 3 1
github.com/unburdy/booking-module/services/free_slots_service.go:166.52,168.3 1 1
github.com/unburdy/booking-module/services/free_slots_service.go:169.2,169.31 1 0
github.com/unburdy/booking-module/services/free_slots_service.go:173.109,178.37 3 1
github.com/unburdy/booking-module/services/free_slots_service.go:178.37,180.3 1 1
github.com/unburdy/booking-module/services/free_slots_service.go:183.2,184.37 2 1
github.com/unburdy/booking-module/services/free_slots_service.go:184.37,186.3 1 1
github.com/unburdy/booking-module/services/free_slots_service.go:188.2,188.13 1 1
github.com/unburdy/booking-module/services/free_slots_service.go:192.101,193.37 1 1
github.com/unburdy/booking-module/services/free_slots_service.go:193.37,197.68 3 1
github.com/unburdy/booking-module/services/free_slots_service.go:197.68,199.4 1 1
github.com/unburdy/booking-module/services/free_slots_service.go:200.3,200.103 1 1
github.com/unburdy/booking-module/services/free_slots_service.go:200.103,202.4 1 1
github.com/unburdy/booking-module/services/free_slots_service.go:205.2,205.14 1 1
github.com/unburdy/booking-module/services/free_slots_service.go:209.147,212.29 2 1
github.com/unburdy/booking-module/services/free_slots_service.go:212.29,221.41 6 1
github.com/unburdy/booking-module/services/free_slots_service.go:221.41,222.54 1 1
github.com/unburdy/booking-module/services/free_slots_service.go:222.54,223.13 1 0
github.com/unburdy/booking-module/services/free_slots_service.go:227.4,227.95 1 1
github.com/unburdy/booking-module/services/free_slots_service.go:227.95,229.10 2 1
github.com/unburdy/booking-module/services/free_slots_service.go:233.3,233.18 1 1
github.com/unburdy/booking-module/services/free_slots_service.go:233.18,235.4 1 1
github.com/unburdy/booking-module/services/free_slots_service.go:238.2,238.18 1 1
github.com/unburdy/booking-module/services/free_slots_service.go:242.133,250.29 5 1
github.com/unburdy/booking-module/services/free_slots_service.go:250.29,253.3 2 1
github.com/unburdy/booking-module/services/free_slots_service.go:256.2,260.63 4 1
github.com/unburdy/booking-module/services/free_slots_service.go:260.63,264.25 4 1
github.com/unburdy/booking-module/services/free_slots_service.go:264.25,266.4 1 1
github.com/unburdy/booking-module/services/free_slots_service.go:268.3,274.5 2 1
github.com/unburdy/booking-module/services/free_slots_service.go:277.2,281.3 1 1
github.com/unburdy/booking-module/services/free_slots_service.go:285.88,286.25 1 1
github.com/unburdy/booking-module/services/free_slots_service.go:286.25,288.3 1 1
github.com/unburdy/booking-module/services/free_slots_service.go:291.2,291.22 1 1
github.com/unburdy/booking-module/services/free_slots_service.go:292.31,293.18 1 1
github.com/unburdy/booking-module/services/free_slots_service.go:294.65,295.19 1 1
github.com/unburdy/booking-module/services/free_slots_service.go:296.31,297.18 1 1
github.com/unburdy/booking-module/services/free_slots_service.go:298.10,299.16 1 1
